# JRE version: Java(TM) SE Runtime Environment (8.0_171-b11) (build 1.8.0_171-b11)
# Java VM: Java HotSpot(TM) 64-Bit Server VM (25.171-b11 mixed mode windows-amd64 compressed oops)
Heap:
 PSYoungGen      total 109568K, used 2358K [0x00000000d6e00000, 0x00000000de380000, 0x0000000100000000)
  eden space 100864K, 2% used [0x00000000d6e00000,0x00000000d704da10,0x00000000dd080000)
  from space 8704K, 0% used [0x00000000ddb00000,0x00000000ddb00000,0x00000000de380000)
  to   space 9728K, 0% used [0x00000000dd080000,0x00000000dd090000,0x00000000dda00000)
 ParOldGen       total 54272K, used 9221K [0x0000000084a00000, 0x0000000087f00000, 0x00000000d6e00000)
  object space 54272K, 16% used [0x0000000084a00000,0x0000000085301428,0x0000000087f00000)
 Metaspace       used 28317K, capacity 29776K, committed 30208K, reserved 1083392K
  class space    used 3949K, capacity 4232K, committed 4352K, reserved 1048576K
GC Heap History (10 events):
Event: 5.038 GC heap after
Heap after GC invocations=12 (full 2):
 PSYoungGen      total 109568K, used 0K [0x00000000d6e00000, 0x00000000de380000, 0x0000000100000000)
  eden space 100864K, 0% used [0x00000000d6e00000,0x00000000d6e00000,0x00000000dd080000)
  from space 8704K, 0% used [0x00000000ddb00000,0x00000000ddb00000,0x00000000de380000)
  to   space 9728K, 0% used [0x00000000dd080000,0x00000000dd080000,0x00000000dda00000)
 ParOldGen       total 54272K, used 12499K [0x0000000084a00000, 0x0000000087f00000, 0x00000000d6e00000)
  object space 54272K, 23% used [0x0000000084a00000,0x0000000085634e78,0x0000000087f00000)
 Metaspace       used 28528K, capacity 30114K, committed 30208K, reserved 1077248K
  class space    used 3983K, capacity 4293K, committed 4352K, reserved 1048576K
}
Event: 5.043 GC heap before
{Heap before GC invocations=13 (full 2):
 PSYoungGen      total 109568K, used 1684K [0x00000000d6e00000, 0x00000000de380000, 0x0000000100000000)
  eden space 100864K, 1% used [0x00000000d6e00000,0x00000000d6fa53c0,0x00000000dd080000)
  from space 8704K, 0% used [0x00000000ddb00000,0x00000000ddb00000,0x00000000de380000)
  to   space 9728K, 0% used [0x00000000dd080000,0x00000000dd080000,0x00000000dda00000)
 ParOldGen       total 54272K, used 12499K [0x0000000084a00000, 0x0000000087f00000, 0x00000000d6e00000)
  object space 54272K, 23% used [0x0000000084a00000,0x0000000085634e78,0x0000000087f00000)
 Metaspace       used 28529K, capacity 30114K, committed 30208K, reserved 1081344K
  class space    used 3983K, capacity 4293K, committed 4352K, reserved 1048576K
Event: 5.044 GC heap after
Heap after GC invocations=13 (full 2):
 PSYoungGen      total 110592K, used 64K [0x00000000d6e00000, 0x00000000de380000, 0x0000000100000000)
  eden space 100864K, 0% used [0x00000000d6e00000,0x00000000d6e00000,0x00000000dd080000)
  from space 9728K, 0% used [0x00000000dd080000,0x00000000dd090000,0x00000000dda00000)
  to   space 8704K, 0% used [0x00000000ddb00000,0x00000000ddb00000,0x00000000de380000)
 ParOldGen       total 54272K, used 12499K [0x0000000084a00000, 0x0000000087f00000, 0x00000000d6e00000)
  object space 54272K, 23% used [0x0000000084a00000,0x0000000085634e78,0x0000000087f00000)
 Metaspace       used 28529K, capacity 30114K, committed 30208K, reserved 1081344K
  class space    used 3983K, capacity 4293K, committed 4352K, reserved 1048576K
}
Event: 5.044 GC heap before
{Heap before GC invocations=14 (full 3):
 PSYoungGen      total 110592K, used 64K [0x00000000d6e00000, 0x00000000de380000, 0x0000000100000000)
  eden space 100864K, 0% used [0x00000000d6e00000,0x00000000d6e00000,0x00000000dd080000)
  from space 9728K, 0% used [0x00000000dd080000,0x00000000dd090000,0x00000000dda00000)
  to   space 8704K, 0% used [0x00000000ddb00000,0x00000000ddb00000,0x00000000de380000)
 ParOldGen       total 54272K, used 12499K [0x0000000084a00000, 0x0000000087f00000, 0x00000000d6e00000)
  object space 54272K, 23% used [0x0000000084a00000,0x0000000085634e78,0x0000000087f00000)
 Metaspace       used 28529K, capacity 30114K, committed 30208K, reserved 1081344K
  class space    used 3983K, capacity 4293K, committed 4352K, reserved 1048576K
Event: 5.096 GC heap after
Heap after GC invocations=14 (full 3):
 PSYoungGen      total 110592K, used 0K [0x00000000d6e00000, 0x00000000de380000, 0x0000000100000000)
  eden space 100864K, 0% used [0x00000000d6e00000,0x00000000d6e00000,0x00000000dd080000)
  from space 9728K, 0% used [0x00000000dd080000,0x00000000dd080000,0x00000000dda00000)
  to   space 8704K, 0% used [0x00000000ddb00000,0x00000000ddb00000,0x00000000de380000)
 ParOldGen       total 54272K, used 11477K [0x0000000084a00000, 0x0000000087f00000, 0x00000000d6e00000)
  object space 54272K, 21% used [0x0000000084a00000,0x00000000855356a8,0x0000000087f00000)
 Metaspace       used 28529K, capacity 30114K, committed 30208K, reserved 1077248K
  class space    used 3983K, capacity 4293K, committed 4352K, reserved 1048576K
}
Event: 5.096 GC heap before
{Heap before GC invocations=15 (full 3):
 PSYoungGen      total 110592K, used 0K [0x00000000d6e00000, 0x00000000de380000, 0x0000000100000000)
  eden space 100864K, 0% used [0x00000000d6e00000,0x00000000d6e00000,0x00000000dd080000)
  from space 9728K, 0% used [0x00000000dd080000,0x00000000dd080000,0x00000000dda00000)
  to   space 8704K, 0% used [0x00000000ddb00000,0x00000000ddb00000,0x00000000de380000)
 ParOldGen       total 54272K, used 11477K [0x0000000084a00000, 0x0000000087f00000, 0x00000000d6e00000)
  object space 54272K, 21% used [0x0000000084a00000,0x00000000855356a8,0x0000000087f00000)
 Metaspace       used 28529K, capacity 30114K, committed 30208K, reserved 1081344K
  class space    used 3983K, capacity 4293K, committed 4352K, reserved 1048576K
Event: 5.098 GC heap after
Heap after GC invocations=15 (full 3):
 PSYoungGen      total 109568K, used 0K [0x00000000d6e00000, 0x00000000de380000, 0x0000000100000000)
  eden space 100864K, 0% used [0x00000000d6e00000,0x00000000d6e00000,0x00000000dd080000)
  from space 8704K, 0% used [0x00000000ddb00000,0x00000000ddb00000,0x00000000de380000)
  to   space 9728K, 0% used [0x00000000dd080000,0x00000000dd080000,0x00000000dda00000)
 ParOldGen       total 54272K, used 11477K [0x0000000084a00000, 0x0000000087f00000, 0x00000000d6e00000)
  object space 54272K, 21% used [0x0000000084a00000,0x00000000855356a8,0x0000000087f00000)
 Metaspace       used 28529K, capacity 30114K, committed 30208K, reserved 1081344K
  class space    used 3983K, capacity 4293K, committed 4352K, reserved 1048576K
}
Event: 5.098 GC heap before
{Heap before GC invocations=16 (full 4):
 PSYoungGen      total 109568K, used 0K [0x00000000d6e00000, 0x00000000de380000, 0x0000000100000000)
  eden space 100864K, 0% used [0x00000000d6e00000,0x00000000d6e00000,0x00000000dd080000)
  from space 8704K, 0% used [0x00000000ddb00000,0x00000000ddb00000,0x00000000de380000)
  to   space 9728K, 0% used [0x00000000dd080000,0x00000000dd080000,0x00000000dda00000)
 ParOldGen       total 54272K, used 11477K [0x0000000084a00000, 0x0000000087f00000, 0x00000000d6e00000)
  object space 54272K, 21% used [0x0000000084a00000,0x00000000855356a8,0x0000000087f00000)
 Metaspace       used 28529K, capacity 30114K, committed 30208K, reserved 1081344K
  class space    used 3983K, capacity 4293K, committed 4352K, reserved 1048576K
Event: 5.181 GC heap after
Heap after GC invocations=16 (full 4):
 PSYoungGen      total 109568K, used 0K [0x00000000d6e00000, 0x00000000de380000, 0x0000000100000000)
  eden space 100864K, 0% used [0x00000000d6e00000,0x00000000d6e00000,0x00000000dd080000)
  from space 8704K, 0% used [0x00000000ddb00000,0x00000000ddb00000,0x00000000de380000)
  to   space 9728K, 0% used [0x00000000dd080000,0x00000000dd080000,0x00000000dda00000)
 ParOldGen       total 54272K, used 9221K [0x0000000084a00000, 0x0000000087f00000, 0x00000000d6e00000)
  object space 54272K, 16% used [0x0000000084a00000,0x0000000085301428,0x0000000087f00000)
 Metaspace       used 28314K, capacity 29770K, committed 30208K, reserved 1077248K
  class space    used 3948K, capacity 4231K, committed 4352K, reserved 1048576K
}
Event: 5.182 GC heap before
{Heap before GC invocations=17 (full 4):
 PSYoungGen      total 109568K, used 2358K [0x00000000d6e00000, 0x00000000de380000, 0x0000000100000000)
  eden space 100864K, 2% used [0x00000000d6e00000,0x00000000d704da10,0x00000000dd080000)
  from space 8704K, 0% used [0x00000000ddb00000,0x00000000ddb00000,0x00000000de380000)
  to   space 9728K, 0% used [0x00000000dd080000,0x00000000dd080000,0x00000000dda00000)
 ParOldGen       total 54272K, used 9221K [0x0000000084a00000, 0x0000000087f00000, 0x00000000d6e00000)
  object space 54272K, 16% used [0x0000000084a00000,0x0000000085301428,0x0000000087f00000)
 Metaspace       used 28317K, capacity 29776K, committed 30208K, reserved 1083392K
  class space    used 3949K, capacity 4232K, committed 4352K, reserved 1048576K

